

COMMAND: of ca


COMMAND: ad 5 0 10

OUTGOING PKT: 03 af ef 0b 02 01 01 05 00 0a 45 
 Add Robot 5 0 10 


COMMAND: ad 6 1 10

OUTGOING PKT: 03 af ef 0b 02 01 01 06 01 0a 47 
 Add Robot 6 1 10 


INCOMING PKT: 03 af ef 09 01 02 0a 01 

COMMAND: ad 7 2 10

OUTGOING PKT: 03 af ef 0b 02 01 01 07 02 0a 45 
 Add Robot 7 2 10 
42 
 Ack 1 1


INCOMING PKT: 03 af ef 09 01 02 0a 

COMMAND: ad 8 3 10

OUTGOING PKT: 03 af ef 0b 02 01 01 08 03 0a 4b 
 Add Robot 8 3 10 
01 42 
 Ack 1 2


INCOMING PKT: 03 af ef 09 01 02 0a 01 42 
 Ack 1 3


INCOMING PKT: 03 af ef 09 01 

COMMAND: LP 8 36 10 3 10

OUTGOING PKT: 03 af ef 0d 02 01 04 08 24 0a 03 0a 66 
 Loop Robot 8 (36, 10) (3, 10)
02 0a 01 42 
 Ack 1 4


COMMAND: LP 7 37 10 2 10

OUTGOING PKT: 03 af ef 0d 02 01 04 07 25 0a 02 0a 69 
 Loop Robot 7 (37, 10) (2, 10)


INCOMING PKT: 03 af ef 09 08 02 07 03 44 
 Step Robot 8 from (3, 10) to (4, 10).

OUTGOING PKT: 03 af ef 0a 00 08 09 04 0a 46 
 Here I Am from Robot 6 at (4, 10).


INCOMING PKT: 03 af ef 09 01 02 0a 04 47 
 Ack 4 1


INCOMING PKT: 03 af ef 

COMMAND: LP 6 38 10 1 10

OUTGOING PKT: 03 af ef 0d 02 01 04 06 26 0a 01 0a 68 
 Loop Robot 6 (38, 10) (1, 10)
09 01 02 0a 04 47 
 Ack 4 2


INCOMING PKT: 03 af ef 09 07 02 07 03 4b 
 Step Robot 7 from (2, 10) to (3, 10).

OUTGOING PKT: 03 af ef 0a 00 07 09 03 0a 4e 
 Here I Am from Robot 5 at (3, 10).


INCOMING PKT: 03 af ef 09 01 02 

COMMAND: LP 5 39 10 0 10

OUTGOING PKT: 03 af ef 0d 02 01 04 05 27 0a 00 0a 6b 
 Loop Robot 5 (39, 10) (0, 10)


COMMAND: 


COMMAND: 
0a 04 47 
 Ack 4 3


INCOMING PKT: 03 af ef 09 08 02 07 03 44 
 Step Robot 8 from (4, 10) to (5, 10).

OUTGOING PKT: 03 af ef 0a 00 08 09 05 0a 47 
 Here I Am from Robot 6 at (5, 10).


INCOMING PKT: 03 af ef 09 01 02 0a 04 47 
 Ack 4 4


INCOMING PKT: 03 af ef 09 06 02 07 03 4a 
 Step Robot 6 from (1, 10) to (2, 10).

OUTGOING PKT: 03 af ef 0a 00 06 09 02 0a 4e 
 Here I Am from Robot 4 at (2, 10).


INCOMING PKT: 03 af ef 09 07 02 07 03 4b 
 Step Robot 7 from (3, 10) to (4, 10).

OUTGOING PKT: 03 af ef 0a 00 07 09 04 0a 49 
 Here I Am from Robot 5 at (4, 10).


INCOMING PKT: 03 af ef 09 05 02 07 03 49 
 Step Robot 5 from (0, 10) to (1, 10).

OUTGOING PKT: 03 af ef 0a 00 05 09 01 0a 4e 
 Here I Am from Robot 3 at (1, 10).


INCOMING PKT: 03 af ef 09 08 02 07 03 44 
 Step Robot 8 from (5, 10) to (6, 10).

OUTGOING PKT: 03 af ef 0a 00 08 09 06 0a 44 
 Here I Am from Robot 6 at (6, 10).


INCOMING PKT: 03 af ef 09 06 02 07 03 4a 
 Step Robot 6 from (2, 10) to (3, 10).

OUTGOING PKT: 03 af ef 0a 00 06 09 03 0a 4f 
 Here I Am from Robot 4 at (3, 10).


INCOMING PKT: 03 af ef 09 07 02 07 03 4b 
 Step Robot 7 from (4, 10) to (5, 10).

OUTGOING PKT: 03 af ef 0a 00 07 09 05 0a 48 
 Here I Am from Robot 5 at (5, 10).


INCOMING PKT: 03 af ef 09 05 02 07 03 49 
 Step Robot 5 from (1, 10) to (2, 10).

OUTGOING PKT: 03 af ef 0a 00 05 09 02 0a 4d 
 Here I Am from Robot 3 at (2, 10).


INCOMING PKT: 03 af ef 09 08 02 07 03 44 
 Step Robot 8 from (6, 10) to (7, 10).

OUTGOING PKT: 03 af ef 0a 00 08 09 07 0a 45 
 Here I Am from Robot 6 at (7, 10).


INCOMING PKT: 03 af ef 09 06 02 07 03 4a 
 Step Robot 6 from (3, 10) to (4, 10).

OUTGOING PKT: 03 af ef 0a 00 06 09 04 0a 48 
 Here I Am from Robot 4 at (4, 10).


INCOMING PKT: 03 af ef 09 07 02 07 03 4b 
 Step Robot 7 from (5, 10) to (6, 10).

OUTGOING PKT: 03 af ef 0a 00 07 09 06 0a 4b 
 Here I Am from Robot 5 at (6, 10).


INCOMING PKT: 03 af ef 09 05 02 07 03 49 
 Step Robot 5 from (2, 10) to (3, 10).

OUTGOING PKT: 03 af ef 0a 00 05 09 03 0a 4c 
 Here I Am from Robot 3 at (3, 10).


INCOMING PKT: 03 af ef 09 08 02 07 03 44 
 Step Robot 8 from (7, 10) to (8, 10).

OUTGOING PKT: 03 af ef 0a 00 08 09 08 0a 4a 
 Here I Am from Robot 6 at (8, 10).


INCOMING PKT: 03 af ef 09 06 02 07 03 4a 
 Step Robot 6 from (4, 10) to (5, 10).

OUTGOING PKT: 03 af ef 0a 00 06 09 05 0a 49 
 Here I Am from Robot 4 at (5, 10).


INCOMING PKT: 03 af ef 09 07 02 07 03 4b 
 Step Robot 7 from (6, 10) to (7, 10).

OUTGOING PKT: 03 af ef 0a 00 07 09 07 0a 4a 
 Here I Am from Robot 5 at (7, 10).


INCOMING PKT: 03 af ef 09 05 02 07 03 49 
 Step Robot 5 from (3, 10) to (4, 10).

OUTGOING PKT: 03 af ef 0a 00 05 09 04 0a 4b 
 Here I Am from Robot 3 at (4, 10).


INCOMING PKT: 03 af ef 09 08 02 07 03 44 
 Step Robot 8 from (8, 10) to (9, 10).

OUTGOING PKT: 03 af ef 0a 00 08 09 09 0a 4b 
 Here I Am from Robot 6 at (9, 10).


INCOMING PKT: 03 af ef 09 06 02 07 03 4a 
 Step Robot 6 from (5, 10) to (6, 10).

OUTGOING PKT: 03 af ef 0a 00 06 09 06 0a 4a 
 Here I Am from Robot 4 at (6, 10).


INCOMING PKT: 03 af ef 09 07 02 07 03 4b 
 Step Robot 7 from (7, 10) to (8, 10).

OUTGOING PKT: 03 af ef 0a 00 07 09 08 0a 45 
 Here I Am from Robot 5 at (8, 10).


INCOMING PKT: 03 af ef 09 05 02 07 03 49 
 Step Robot 5 from (4, 10) to (5, 10).

OUTGOING PKT: 03 af ef 0a 00 05 09 05 0a 4a 
 Here I Am from Robot 3 at (5, 10).


INCOMING PKT: 03 af ef 09 08 02 07 03 44 
 Step Robot 8 from (9, 10) to (10, 10).

OUTGOING PKT: 03 af ef 0a 00 08 09 0a 0a 48 
 Here I Am from Robot 6 at (10, 10).


INCOMING PKT: 03 af ef 09 06 02 07 03 4a 
 Step Robot 6 from (6, 10) to (7, 10).

OUTGOING PKT: 03 af ef 0a 00 06 09 07 0a 4b 
 Here I Am from Robot 4 at (7, 10).


INCOMING PKT: 03 af ef 09 07 02 07 03 4b 
 Step Robot 7 from (8, 10) to (9, 10).

OUTGOING PKT: 03 af ef 0a 00 07 09 09 0a 44 
 Here I Am from Robot 5 at (9, 10).


INCOMING PKT: 03 af ef 09 05 02 07 03 49 
 Step Robot 5 from (5, 10) to (6, 10).

OUTGOING PKT: 03 af ef 0a 00 05 09 06 0a 49 
 Here I Am from Robot 3 at (6, 10).


INCOMING PKT: 03 af ef 09 08 02 07 03 44 
 Step Robot 8 from (10, 10) to (11, 10).

OUTGOING PKT: 03 af ef 0a 00 08 09 0b 0a 49 
 Here I Am from Robot 6 at (11, 10).


INCOMING PKT: 03 af ef 09 06 02 07 03 4a 
 Step Robot 6 from (7, 10) to (8, 10).

OUTGOING PKT: 03 af ef 0a 00 06 09 08 0a 44 
 Here I Am from Robot 4 at (8, 10).


INCOMING PKT: 03 af ef 09 07 02 07 03 4b 
 Step Robot 7 from (9, 10) to (10, 10).

OUTGOING PKT: 03 af ef 0a 00 07 09 0a 0a 47 
 Here I Am from Robot 5 at (10, 10).


INCOMING PKT: 03 af ef 09 05 02 07 03 49 
 Step Robot 5 from (6, 10) to (7, 10).

OUTGOING PKT: 03 af ef 0a 00 05 09 07 0a 48 
 Here I Am from Robot 3 at (7, 10).


INCOMING PKT: 03 af ef 09 08 02 07 03 44 
 Step Robot 8 from (11, 10) to (12, 10).

OUTGOING PKT: 03 af ef 0a 00 08 09 0c 0a 4e 
 Here I Am from Robot 6 at (12, 10).


INCOMING PKT: 03 af ef 09 06 02 07 03 4a 
 Step Robot 6 from (8, 10) to (9, 10).

OUTGOING PKT: 03 af ef 0a 00 06 09 09 0a 45 
 Here I Am from Robot 4 at (9, 10).


INCOMING PKT: 03 af ef 09 07 02 07 03 4b 
 Step Robot 7 from (10, 10) to (11, 10).

OUTGOING PKT: 03 af ef 0a 00 07 09 0b 0a 46 
 Here I Am from Robot 5 at (11, 10).


INCOMING PKT: 03 af ef 09 05 02 07 03 49 
 Step Robot 5 from (7, 10) to (8, 10).

OUTGOING PKT: 03 af ef 0a 00 05 09 08 0a 47 
 Here I Am from Robot 3 at (8, 10).


INCOMING PKT: 03 af ef 09 08 02 07 03 44 
 Step Robot 8 from (12, 10) to (13, 10).

OUTGOING PKT: 03 af ef 0a 00 08 09 0d 0a 4f 
 Here I Am from Robot 6 at (13, 10).


INCOMING PKT: 03 af ef 09 06 02 07 03 4a 
 Step Robot 6 from (9, 10) to (10, 10).

OUTGOING PKT: 03 af ef 0a 00 06 09 0a 0a 46 
 Here I Am from Robot 4 at (10, 10).


INCOMING PKT: 03 af ef 09 07 02 07 03 4b 
 Step Robot 7 from (11, 10) to (12, 10).

OUTGOING PKT: 03 af ef 0a 00 07 09 0c 0a 41 
 Here I Am from Robot 5 at (12, 10).


INCOMING PKT: 03 af ef 09 05 02 07 03 49 
 Step Robot 5 from (8, 10) to (9, 10).

OUTGOING PKT: 03 af ef 0a 00 05 09 09 0a 46 
 Here I Am from Robot 3 at (9, 10).


INCOMING PKT: 03 af ef 09 08 02 07 03 44 
 Step Robot 8 from (13, 10) to (14, 10).

OUTGOING PKT: 03 af ef 0a 00 08 09 0e 0a 4c 
 Here I Am from Robot 6 at (14, 10).


INCOMING PKT: 03 af ef 09 06 02 07 03 4a 
 Step Robot 6 from (10, 10) to (11, 10).

OUTGOING PKT: 03 af ef 0a 00 06 09 0b 0a 47 
 Here I Am from Robot 4 at (11, 10).


INCOMING PKT: 03 af ef 09 07 02 07 03 4b 
 Step Robot 7 from (12, 10) to (13, 10).

OUTGOING PKT: 03 af ef 0a 00 07 09 0d 0a 40 
 Here I Am from Robot 5 at (13, 10).


INCOMING PKT: 03 af ef 09 05 02 07 03 49 
 Step Robot 5 from (9, 10) to (10, 10).

OUTGOING PKT: 03 af ef 0a 00 05 09 0a 0a 45 
 Here I Am from Robot 3 at (10, 10).


INCOMING PKT: 03 af ef 09 08 02 07 03 44 
 Step Robot 8 from (14, 10) to (15, 10).

OUTGOING PKT: 03 af ef 0a 00 08 09 0f 0a 4d 
 Here I Am from Robot 6 at (15, 10).


INCOMING PKT: 03 af ef 09 06 02 07 03 4a 
 Step Robot 6 from (11, 10) to (12, 10).

OUTGOING PKT: 03 af ef 0a 00 06 09 0c 0a 40 
 Here I Am from Robot 4 at (12, 10).


INCOMING PKT: 03 af ef 09 07 02 07 03 4b 
 Step Robot 7 from (13, 10) to (14, 10).

OUTGOING PKT: 03 af ef 0a 00 07 09 0e 0a 43 
 Here I Am from Robot 5 at (14, 10).


INCOMING PKT: 03 af ef 09 05 02 07 03 49 
 Step Robot 5 from (10, 10) to (11, 10).

OUTGOING PKT: 03 af ef 0a 00 05 09 0b 0a 44 
 Here I Am from Robot 3 at (11, 10).


INCOMING PKT: 03 af ef 09 08 02 07 03 44 
 Step Robot 8 from (15, 10) to (16, 10).

OUTGOING PKT: 03 af ef 0a 00 08 09 10 0a 52 
 Here I Am from Robot 6 at (16, 10).


INCOMING PKT: 03 af ef 09 06 02 07 03 4a 
 Step Robot 6 from (12, 10) to (13, 10).

OUTGOING PKT: 03 af ef 0a 00 06 09 0d 0a 41 
 Here I Am from Robot 4 at (13, 10).


INCOMING PKT: 03 af ef 09 07 02 07 03 4b 
 Step Robot 7 from (14, 10) to (15, 10).

OUTGOING PKT: 03 af ef 0a 00 07 09 0f 0a 42 
 Here I Am from Robot 5 at (15, 10).


INCOMING PKT: 03 af ef 09 05 02 07 03 49 
 Step Robot 5 from (11, 10) to (12, 10).

OUTGOING PKT: 03 af ef 0a 00 05 09 0c 0a 43 
 Here I Am from Robot 3 at (12, 10).


INCOMING PKT: 03 af ef 09 08 02 07 03 44 
 Step Robot 8 from (16, 10) to (17, 10).

OUTGOING PKT: 03 af ef 0a 00 08 09 11 0a 53 
 Here I Am from Robot 6 at (17, 10).


INCOMING PKT: 03 af ef 09 06 02 07 03 4a 
 Step Robot 6 from (13, 10) to (14, 10).

OUTGOING PKT: 03 af ef 0a 00 06 09 0e 0a 42 
 Here I Am from Robot 4 at (14, 10).


INCOMING PKT: 03 af ef 09 07 02 07 03 4b 
 Step Robot 7 from (15, 10) to (16, 10).

OUTGOING PKT: 03 af ef 0a 00 07 09 10 0a 5d 
 Here I Am from Robot 5 at (16, 10).


INCOMING PKT: 03 af ef 09 05 02 07 03 49 
 Step Robot 5 from (12, 10) to (13, 10).

OUTGOING PKT: 03 af ef 0a 00 05 09 0d 0a 42 
 Here I Am from Robot 3 at (13, 10).


INCOMING PKT: 03 af ef 09 08 02 07 03 44 
 Step Robot 8 from (17, 10) to (18, 10).

OUTGOING PKT: 03 af ef 0a 00 08 09 12 0a 50 
 Here I Am from Robot 6 at (18, 10).


INCOMING PKT: 03 af ef 09 06 02 07 03 4a 
 Step Robot 6 from (14, 10) to (15, 10).

OUTGOING PKT: 03 af ef 0a 00 06 09 0f 0a 43 
 Here I Am from Robot 4 at (15, 10).


INCOMING PKT: 03 af ef 09 07 02 07 03 4b 
 Step Robot 7 from (16, 10) to (17, 10).

OUTGOING PKT: 03 af ef 0a 00 07 09 11 0a 5c 
 Here I Am from Robot 5 at (17, 10).


INCOMING PKT: 03 af ef 09 05 02 07 03 49 
 Step Robot 5 from (13, 10) to (14, 10).

OUTGOING PKT: 03 af ef 0a 00 05 09 0e 0a 41 
 Here I Am from Robot 3 at (14, 10).


INCOMING PKT: 03 af ef 09 08 02 07 03 44 
 Step Robot 8 from (18, 10) to (19, 10).

OUTGOING PKT: 03 af ef 0a 00 08 09 13 0a 51 
 Here I Am from Robot 6 at (19, 10).


INCOMING PKT: 03 af ef 09 06 02 07 03 4a 
 Step Robot 6 from (15, 10) to (16, 10).

OUTGOING PKT: 03 af ef 0a 00 06 09 10 0a 5c 
 Here I Am from Robot 4 at (16, 10).


INCOMING PKT: 03 af ef 09 07 02 07 03 4b 
 Step Robot 7 from (17, 10) to (18, 10).

OUTGOING PKT: 03 af ef 0a 00 07 09 12 0a 5f 
 Here I Am from Robot 5 at (18, 10).


INCOMING PKT: 03 af ef 09 05 02 07 03 49 
 Step Robot 5 from (14, 10) to (15, 10).

OUTGOING PKT: 03 af ef 0a 00 05 09 0f 0a 40 
 Here I Am from Robot 3 at (15, 10).


INCOMING PKT: 03 af ef 09 08 02 07 03 44 
 Step Robot 8 from (19, 10) to (20, 10).

OUTGOING PKT: 03 af ef 0a 00 08 09 14 0a 56 
 Here I Am from Robot 6 at (20, 10).


INCOMING PKT: 03 af ef 09 06 02 07 03 4a 
 Step Robot 6 from (16, 10) to (17, 10).

OUTGOING PKT: 03 af ef 0a 00 06 09 11 0a 5d 
 Here I Am from Robot 4 at (17, 10).


INCOMING PKT: 03 af ef 09 07 02 07 03 4b 
 Step Robot 7 from (18, 10) to (19, 10).

OUTGOING PKT: 03 af ef 0a 00 07 09 13 0a 5e 
 Here I Am from Robot 5 at (19, 10).


INCOMING PKT: 03 af ef 09 05 02 07 03 49 
 Step Robot 5 from (15, 10) to (16, 10).

OUTGOING PKT: 03 af ef 0a 00 05 09 10 0a 5f 
 Here I Am from Robot 3 at (16, 10).


INCOMING PKT: 03 af ef 09 08 02 07 03 44 
 Step Robot 8 from (20, 10) to (21, 10).

OUTGOING PKT: 03 af ef 0a 00 08 09 15 0a 57 
 Here I Am from Robot 6 at (21, 10).


INCOMING PKT: 03 af ef 09 06 02 07 03 4a 
 Step Robot 6 from (17, 10) to (18, 10).

OUTGOING PKT: 03 af ef 0a 00 06 09 12 0a 5e 
 Here I Am from Robot 4 at (18, 10).


INCOMING PKT: 03 af ef 09 07 02 07 03 4b 
 Step Robot 7 from (19, 10) to (20, 10).

OUTGOING PKT: 03 af ef 0a 00 07 09 14 0a 59 
 Here I Am from Robot 5 at (20, 10).


INCOMING PKT: 03 af ef 09 05 02 07 03 49 
 Step Robot 5 from (16, 10) to (17, 10).

OUTGOING PKT: 03 af ef 0a 00 05 09 11 0a 5e 
 Here I Am from Robot 3 at (17, 10).


INCOMING PKT: 03 af ef 09 08 02 07 03 44 
 Step Robot 8 from (21, 10) to (22, 10).

OUTGOING PKT: 03 af ef 0a 00 08 09 16 0a 54 
 Here I Am from Robot 6 at (22, 10).


INCOMING PKT: 03 af ef 09 06 02 07 03 4a 
 Step Robot 6 from (18, 10) to (19, 10).

OUTGOING PKT: 03 af ef 0a 00 06 09 13 0a 5f 
 Here I Am from Robot 4 at (19, 10).


INCOMING PKT: 03 af ef 09 07 02 07 03 4b 
 Step Robot 7 from (20, 10) to (21, 10).

OUTGOING PKT: 03 af ef 0a 00 07 09 15 0a 58 
 Here I Am from Robot 5 at (21, 10).


INCOMING PKT: 03 af ef 09 05 02 07 03 49 
 Step Robot 5 from (17, 10) to (18, 10).

OUTGOING PKT: 03 af ef 0a 00 05 09 12 0a 5d 
 Here I Am from Robot 3 at (18, 10).


INCOMING PKT: 03 af ef 09 08 02 07 03 44 
 Step Robot 8 from (22, 10) to (23, 10).

OUTGOING PKT: 03 af ef 0a 00 08 09 17 0a 55 
 Here I Am from Robot 6 at (23, 10).


INCOMING PKT: 03 af ef 09 06 02 07 03 4a 
 Step Robot 6 from (19, 10) to (20, 10).

OUTGOING PKT: 03 af ef 0a 00 06 09 14 0a 58 
 Here I Am from Robot 4 at (20, 10).


INCOMING PKT: 03 af ef 09 07 02 07 03 4b 
 Step Robot 7 from (21, 10) to (22, 10).

OUTGOING PKT: 03 af ef 0a 00 07 09 16 0a 5b 
 Here I Am from Robot 5 at (22, 10).


INCOMING PKT: 03 af ef 09 05 02 07 03 49 
 Step Robot 5 from (18, 10) to (19, 10).

OUTGOING PKT: 03 af ef 0a 00 05 09 13 0a 5c 
 Here I Am from Robot 3 at (19, 10).


INCOMING PKT: 03 af ef 09 08 02 07 03 44 
 Step Robot 8 from (23, 10) to (24, 10).

OUTGOING PKT: 03 af ef 0a 00 08 09 18 0a 5a 
 Here I Am from Robot 6 at (24, 10).


INCOMING PKT: 03 af ef 09 06 02 07 03 4a 
 Step Robot 6 from (20, 10) to (21, 10).

OUTGOING PKT: 03 af ef 0a 00 06 09 15 0a 59 
 Here I Am from Robot 4 at (21, 10).


INCOMING PKT: 03 af ef 09 07 02 07 03 4b 
 Step Robot 7 from (22, 10) to (23, 10).

OUTGOING PKT: 03 af ef 0a 00 07 09 17 0a 5a 
 Here I Am from Robot 5 at (23, 10).


INCOMING PKT: 03 af ef 09 05 02 07 03 49 
 Step Robot 5 from (19, 10) to (20, 10).

OUTGOING PKT: 03 af ef 0a 00 05 09 14 0a 5b 
 Here I Am from Robot 3 at (20, 10).


INCOMING PKT: 03 af ef 09 08 02 07 03 44 
 Step Robot 8 from (24, 10) to (25, 10).

OUTGOING PKT: 03 af ef 0a 00 08 09 19 0a 5b 
 Here I Am from Robot 6 at (25, 10).


INCOMING PKT: 03 af ef 09 06 02 07 03 4a 
 Step Robot 6 from (21, 10) to (22, 10).

OUTGOING PKT: 03 af ef 0a 00 06 09 16 0a 5a 
 Here I Am from Robot 4 at (22, 10).


INCOMING PKT: 03 af ef 09 07 02 07 03 4b 
 Step Robot 7 from (23, 10) to (24, 10).

OUTGOING PKT: 03 af ef 0a 00 07 09 18 0a 55 
 Here I Am from Robot 5 at (24, 10).


INCOMING PKT: 03 af ef 09 05 02 07 03 49 
 Step Robot 5 from (20, 10) to (21, 10).

OUTGOING PKT: 03 af ef 0a 00 05 09 15 0a 5a 
 Here I Am from Robot 3 at (21, 10).


INCOMING PKT: 03 af ef 09 08 02 07 03 44 
 Step Robot 8 from (25, 10) to (26, 10).

OUTGOING PKT: 03 af ef 0a 00 08 09 1a 0a 58 
 Here I Am from Robot 6 at (26, 10).


INCOMING PKT: 03 af ef 09 06 02 07 03 4a 
 Step Robot 6 from (22, 10) to (23, 10).

OUTGOING PKT: 03 af ef 0a 00 06 09 17 0a 5b 
 Here I Am from Robot 4 at (23, 10).


INCOMING PKT: 03 af ef 09 07 02 07 03 4b 
 Step Robot 7 from (24, 10) to (25, 10).

OUTGOING PKT: 03 af ef 0a 00 07 09 19 0a 54 
 Here I Am from Robot 5 at (25, 10).


INCOMING PKT: 03 af ef 09 05 02 07 03 49 
 Step Robot 5 from (21, 10) to (22, 10).

OUTGOING PKT: 03 af ef 0a 00 05 09 16 0a 59 
 Here I Am from Robot 3 at (22, 10).


INCOMING PKT: 03 af ef 09 08 02 07 03 44 
 Step Robot 8 from (26, 10) to (27, 10).

OUTGOING PKT: 03 af ef 0a 00 08 09 1b 0a 59 
 Here I Am from Robot 6 at (27, 10).


INCOMING PKT: 03 af ef 09 06 02 07 03 4a 
 Step Robot 6 from (23, 10) to (24, 10).

OUTGOING PKT: 03 af ef 0a 00 06 09 18 0a 54 
 Here I Am from Robot 4 at (24, 10).


INCOMING PKT: 03 af ef 09 07 02 07 03 4b 
 Step Robot 7 from (25, 10) to (26, 10).

OUTGOING PKT: 03 af ef 0a 00 07 09 1a 0a 57 
 Here I Am from Robot 5 at (26, 10).


INCOMING PKT: 03 af ef 09 05 02 07 03 49 
 Step Robot 5 from (22, 10) to (23, 10).

OUTGOING PKT: 03 af ef 0a 00 05 09 17 0a 58 
 Here I Am from Robot 3 at (23, 10).


INCOMING PKT: 03 af ef 09 08 02 07 03 44 
 Step Robot 8 from (27, 10) to (28, 10).

OUTGOING PKT: 03 af ef 0a 00 08 09 1c 0a 5e 
 Here I Am from Robot 6 at (28, 10).


INCOMING PKT: 03 af ef 09 06 02 07 03 4a 
 Step Robot 6 from (24, 10) to (25, 10).

OUTGOING PKT: 03 af ef 0a 00 06 09 19 0a 55 
 Here I Am from Robot 4 at (25, 10).


INCOMING PKT: 03 af ef 09 07 02 07 03 4b 
 Step Robot 7 from (26, 10) to (27, 10).

OUTGOING PKT: 03 af ef 0a 00 07 09 1b 0a 56 
 Here I Am from Robot 5 at (27, 10).


INCOMING PKT: 03 af ef 09 05 02 07 03 49 
 Step Robot 5 from (23, 10) to (24, 10).

OUTGOING PKT: 03 af ef 0a 00 05 09 18 0a 57 
 Here I Am from Robot 3 at (24, 10).


INCOMING PKT: 03 af ef 09 08 02 07 03 44 
 Step Robot 8 from (28, 10) to (29, 10).

OUTGOING PKT: 03 af ef 0a 00 08 09 1d 0a 5f 
 Here I Am from Robot 6 at (29, 10).


INCOMING PKT: 03 af ef 09 06 02 07 03 4a 
 Step Robot 6 from (25, 10) to (26, 10).

OUTGOING PKT: 03 af ef 0a 00 06 09 1a 0a 56 
 Here I Am from Robot 4 at (26, 10).


INCOMING PKT: 03 af ef 09 07 02 07 03 4b 
 Step Robot 7 from (27, 10) to (28, 10).

OUTGOING PKT: 03 af ef 0a 00 07 09 1c 0a 51 
 Here I Am from Robot 5 at (28, 10).


INCOMING PKT: 03 af ef 09 05 02 07 03 49 
 Step Robot 5 from (24, 10) to (25, 10).

OUTGOING PKT: 03 af ef 0a 00 05 09 19 0a 56 
 Here I Am from Robot 3 at (25, 10).


INCOMING PKT: 03 af ef 09 08 02 07 03 44 
 Step Robot 8 from (29, 10) to (30, 10).

OUTGOING PKT: 03 af ef 0a 00 08 09 1e 0a 5c 
 Here I Am from Robot 6 at (30, 10).


INCOMING PKT: 03 af ef 09 06 02 07 03 4a 
 Step Robot 6 from (26, 10) to (27, 10).

OUTGOING PKT: 03 af ef 0a 00 06 09 1b 0a 57 
 Here I Am from Robot 4 at (27, 10).


INCOMING PKT: 03 af ef 09 07 02 07 03 4b 
 Step Robot 7 from (28, 10) to (29, 10).

OUTGOING PKT: 03 af ef 0a 00 07 09 1d 0a 50 
 Here I Am from Robot 5 at (29, 10).


INCOMING PKT: 03 af ef 09 05 02 07 03 49 
 Step Robot 5 from (25, 10) to (26, 10).

OUTGOING PKT: 03 af ef 0a 00 05 09 1a 0a 55 
 Here I Am from Robot 3 at (26, 10).


INCOMING PKT: 03 af ef 09 08 02 07 03 44 
 Step Robot 8 from (30, 10) to (31, 10).

OUTGOING PKT: 03 af ef 0a 00 08 09 1f 0a 5d 
 Here I Am from Robot 6 at (31, 10).


INCOMING PKT: 03 af ef 09 06 02 07 03 4a 
 Step Robot 6 from (27, 10) to (28, 10).

OUTGOING PKT: 03 af ef 0a 00 06 09 1c 0a 50 
 Here I Am from Robot 4 at (28, 10).


INCOMING PKT: 03 af ef 09 07 02 07 03 4b 
 Step Robot 7 from (29, 10) to (30, 10).

OUTGOING PKT: 03 af ef 0a 00 07 09 1e 0a 53 
 Here I Am from Robot 5 at (30, 10).


INCOMING PKT: 03 af ef 09 05 02 07 03 49 
 Step Robot 5 from (26, 10) to (27, 10).

OUTGOING PKT: 03 af ef 0a 00 05 09 1b 0a 54 
 Here I Am from Robot 3 at (27, 10).


INCOMING PKT: 03 af ef 09 08 02 07 03 44 
 Step Robot 8 from (31, 10) to (32, 10).

OUTGOING PKT: 03 af ef 0a 00 08 09 20 0a 62 
 Here I Am from Robot 6 at (32, 10).


INCOMING PKT: 03 af ef 09 06 02 07 03 4a 
 Step Robot 6 from (28, 10) to (29, 10).

OUTGOING PKT: 03 af ef 0a 00 06 09 1d 0a 51 
 Here I Am from Robot 4 at (29, 10).


INCOMING PKT: 03 af ef 09 07 02 07 03 4b 
 Step Robot 7 from (30, 10) to (31, 10).

OUTGOING PKT: 03 af ef 0a 00 07 09 1f 0a 52 
 Here I Am from Robot 5 at (31, 10).


INCOMING PKT: 03 af ef 09 05 02 07 03 49 
 Step Robot 5 from (27, 10) to (28, 10).

OUTGOING PKT: 03 af ef 0a 00 05 09 1c 0a 53 
 Here I Am from Robot 3 at (28, 10).


INCOMING PKT: 03 af ef 09 08 02 07 03 44 
 Step Robot 8 from (32, 10) to (33, 10).

OUTGOING PKT: 03 af ef 0a 00 08 09 21 0a 63 
 Here I Am from Robot 6 at (33, 10).


INCOMING PKT: 03 af ef 09 06 02 07 03 4a 
 Step Robot 6 from (29, 10) to (30, 10).

OUTGOING PKT: 03 af ef 0a 00 06 09 1e 0a 52 
 Here I Am from Robot 4 at (30, 10).


INCOMING PKT: 03 af ef 09 07 02 07 03 4b 
 Step Robot 7 from (31, 10) to (32, 10).

OUTGOING PKT: 03 af ef 0a 00 07 09 20 0a 6d 
 Here I Am from Robot 5 at (32, 10).


INCOMING PKT: 03 af ef 09 05 02 07 03 49 
 Step Robot 5 from (28, 10) to (29, 10).

OUTGOING PKT: 03 af ef 0a 00 05 09 1d 0a 52 
 Here I Am from Robot 3 at (29, 10).


INCOMING PKT: 03 af ef 09 08 02 07 03 44 
 Step Robot 8 from (33, 10) to (34, 10).

OUTGOING PKT: 03 af ef 0a 00 08 09 22 0a 60 
 Here I Am from Robot 6 at (34, 10).


INCOMING PKT: 03 af ef 09 06 02 07 03 4a 
 Step Robot 6 from (30, 10) to (31, 10).

OUTGOING PKT: 03 af ef 0a 00 06 09 1f 0a 53 
 Here I Am from Robot 4 at (31, 10).


INCOMING PKT: 03 af ef 09 07 02 07 03 4b 
 Step Robot 7 from (32, 10) to (33, 10).

OUTGOING PKT: 03 af ef 0a 00 07 09 21 0a 6c 
 Here I Am from Robot 5 at (33, 10).


INCOMING PKT: 03 af ef 09 05 02 07 03 49 
 Step Robot 5 from (29, 10) to (30, 10).

OUTGOING PKT: 03 af ef 0a 00 05 09 1e 0a 51 
 Here I Am from Robot 3 at (30, 10).


INCOMING PKT: 03 af ef 09 08 02 07 03 44 
 Step Robot 8 from (34, 10) to (35, 10).

OUTGOING PKT: 03 af ef 0a 00 08 09 23 0a 61 
 Here I Am from Robot 6 at (35, 10).


INCOMING PKT: 03 af ef 09 06 02 07 03 4a 
 Step Robot 6 from (31, 10) to (32, 10).

OUTGOING PKT: 03 af ef 0a 00 06 09 20 0a 6c 
 Here I Am from Robot 4 at (32, 10).


INCOMING PKT: 03 af ef 09 07 02 07 03 4b 
 Step Robot 7 from (33, 10) to (34, 10).

OUTGOING PKT: 03 af ef 0a 00 07 09 22 0a 6f 
 Here I Am from Robot 5 at (34, 10).


INCOMING PKT: 03 af ef 09 05 02 07 03 49 
 Step Robot 5 from (30, 10) to (31, 10).

OUTGOING PKT: 03 af ef 0a 00 05 09 1f 0a 50 
 Here I Am from Robot 3 at (31, 10).


INCOMING PKT: 03 af ef 09 08 02 07 03 44 
 Step Robot 8 from (35, 10) to (36, 10).

OUTGOING PKT: 03 af ef 0a 00 08 09 24 0a 66 
 Here I Am from Robot 6 at (36, 10).


INCOMING PKT: 03 af ef 09 06 02 07 03 4a 
 Step Robot 6 from (32, 10) to (33, 10).

OUTGOING PKT: 03 af ef 0a 00 06 09 21 0a 6d 
 Here I Am from Robot 4 at (33, 10).


INCOMING PKT: 03 af ef 09 07 02 07 03 4b 
 Step Robot 7 from (34, 10) to (35, 10).

OUTGOING PKT: 03 af ef 0a 00 07 09 23 0a 6e 
 Here I Am from Robot 5 at (35, 10).


INCOMING PKT: 03 af ef 09 05 02 07 03 49 
 Step Robot 5 from (31, 10) to (32, 10).

OUTGOING PKT: 03 af ef 0a 00 05 09 20 0a 6f 
 Here I Am from Robot 3 at (32, 10).


INCOMING PKT: 03 af ef 09 08 02 07 08 4f 
 Step Robot 8 from (36, 10) to (35, 11).

OUTGOING PKT: 03 af ef 0a 00 08 09 23 0b 60 
 Here I Am from Robot 6 at (35, 11).


INCOMING PKT: 03 af ef 09 06 02 07 03 4a 
 Step Robot 6 from (33, 10) to (34, 10).

OUTGOING PKT: 03 af ef 0a 00 06 09 22 0a 6e 
 Here I Am from Robot 4 at (34, 10).


INCOMING PKT: 03 af ef 09 07 02 07 03 4b 
 Step Robot 7 from (35, 10) to (36, 10).

OUTGOING PKT: 03 af ef 0a 00 07 09 24 0a 69 
 Here I Am from Robot 5 at (36, 10).


INCOMING PKT: 03 af ef 09 05 02 07 03 49 
 Step Robot 5 from (32, 10) to (33, 10).

OUTGOING PKT: 03 af ef 0a 00 05 09 21 0a 6e 
 Here I Am from Robot 3 at (33, 10).


INCOMING PKT: 03 af ef 09 08 02 07 07 40 
 Step Robot 8 from (35, 11) to (34, 11).

OUTGOING PKT: 03 af ef 0a 00 08 09 22 0b 61 
 Here I Am from Robot 6 at (34, 11).


INCOMING PKT: 03 af ef 09 06 02 07 03 4a 
 Step Robot 6 from (34, 10) to (35, 10).

OUTGOING PKT: 03 af ef 0a 00 06 09 23 0a 6f 
 Here I Am from Robot 4 at (35, 10).


INCOMING PKT: 03 af ef 09 07 02 07 03 4b 
 Step Robot 7 from (36, 10) to (37, 10).

OUTGOING PKT: 03 af ef 0a 00 07 09 25 0a 68 
 Here I Am from Robot 5 at (37, 10).


INCOMING PKT: 03 af ef 09 05 02 07 03 49 
 Step Robot 5 from (33, 10) to (34, 10).

OUTGOING PKT: 03 af ef 0a 00 05 09 22 0a 6d 
 Here I Am from Robot 3 at (34, 10).


INCOMING PKT: 03 af ef 09 08 02 07 06 41 
 Step Robot 8 from (34, 11) to (33, 10).

OUTGOING PKT: 03 af ef 0a 00 08 09 21 0a 63 
 Here I Am from Robot 6 at (33, 10).


INCOMING PKT: 03 af ef 09 06 02 07 03 4a 
 Step Robot 6 from (35, 10) to (36, 10).

OUTGOING PKT: 03 af ef 0a 00 06 09 24 0a 68 
 Here I Am from Robot 4 at (36, 10).


INCOMING PKT: 03 af ef 09 07 02 07 08 40 
 Step Robot 7 from (37, 10) to (36, 11).

OUTGOING PKT: 03 af ef 0a 00 07 09 24 0b 68 
 Here I Am from Robot 5 at (36, 11).


INCOMING PKT: 03 af ef 09 05 02 07 03 49 
 Step Robot 5 from (34, 10) to (35, 10).

OUTGOING PKT: 03 af ef 0a 00 05 09 23 0a 6c 
 Here I Am from Robot 3 at (35, 10).


INCOMING PKT: 03 af ef 09 08 02 07 07 40 
 Step Robot 8 from (33, 10) to (32, 10).

OUTGOING PKT: 03 af ef 0a 00 08 09 20 0a 62 
 Here I Am from Robot 6 at (32, 10).


INCOMING PKT: 03 af ef 09 06 02 07 03 4a 
 Step Robot 6 from (36, 10) to (37, 10).

OUTGOING PKT: 03 af ef 0a 00 06 09 25 0a 69 
 Here I Am from Robot 4 at (37, 10).


INCOMING PKT: 03 af ef 09 07 02 07 07 4f 
 Step Robot 7 from (36, 11) to (35, 11).

OUTGOING PKT: 03 af ef 0a 00 07 09 23 0b 6f 
 Here I Am from Robot 5 at (35, 11).


INCOMING PKT: 03 af ef 09 05 02 07 03 49 
 Step Robot 5 from (35, 10) to (36, 10).

OUTGOING PKT: 03 af ef 0a 00 05 09 24 0a 6b 
 Here I Am from Robot 3 at (36, 10).


INCOMING PKT: 03 af ef 09 08 02 07 07 40 
 Step Robot 8 from (32, 10) to (31, 10).

OUTGOING PKT: 03 af ef 0a 00 08 09 1f 0a 5d 
 Here I Am from Robot 6 at (31, 10).


INCOMING PKT: 03 af ef 09 06 02 07 03 4a 
 Step Robot 6 from (37, 10) to (38, 10).

OUTGOING PKT: 03 af ef 0a 00 06 09 26 0a 6a 
 Here I Am from Robot 4 at (38, 10).


INCOMING PKT: 03 af ef 09 07 02 07 06 4e 
 Step Robot 7 from (35, 11) to (34, 10).

OUTGOING PKT: 03 af ef 0a 00 07 09 22 0a 6f 
 Here I Am from Robot 5 at (34, 10).


INCOMING PKT: 03 af ef 09 05 02 07 03 49 
 Step Robot 5 from (36, 10) to (37, 10).

OUTGOING PKT: 03 af ef 0a 00 05 09 25 0a 6a 
 Here I Am from Robot 3 at (37, 10).


INCOMING PKT: 03 af ef 09 08 02 07 07 40 
 Step Robot 8 from (31, 10) to (30, 10).

OUTGOING PKT: 03 af ef 0a 00 08 09 1e 0a 5c 
 Here I Am from Robot 6 at (30, 10).


INCOMING PKT: 03 af ef 09 06 02 07 08 41 
 Step Robot 6 from (38, 10) to (37, 11).

OUTGOING PKT: 03 af ef 0a 00 06 09 25 0b 68 
 Here I Am from Robot 4 at (37, 11).


INCOMING PKT: 03 af ef 09 07 02 07 07 4f 
 Step Robot 7 from (34, 10) to (33, 10).

OUTGOING PKT: 03 af ef 0a 00 07 09 21 0a 6c 
 Here I Am from Robot 5 at (33, 10).


INCOMING PKT: 03 af ef 09 05 02 07 03 49 
 Step Robot 5 from (37, 10) to (38, 10).

OUTGOING PKT: 03 af ef 0a 00 05 09 26 0a 69 
 Here I Am from Robot 3 at (38, 10).


INCOMING PKT: 03 af ef 09 08 02 07 07 40 
 Step Robot 8 from (30, 10) to (29, 10).

OUTGOING PKT: 03 af ef 0a 00 08 09 1d 0a 5f 
 Here I Am from Robot 6 at (29, 10).


INCOMING PKT: 03 af ef 09 06 02 07 06 4f 
 Step Robot 6 from (37, 11) to (36, 10).

OUTGOING PKT: 03 af ef 0a 00 06 09 24 0a 68 
 Here I Am from Robot 4 at (36, 10).


INCOMING PKT: 03 af ef 09 07 02 07 07 4f 
 Step Robot 7 from (33, 10) to (32, 10).

OUTGOING PKT: 03 af ef 0a 00 07 09 20 0a 6d 
 Here I Am from Robot 5 at (32, 10).


INCOMING PKT: 03 af ef 09 05 02 07 03 49 
 Step Robot 5 from (38, 10) to (39, 10).

OUTGOING PKT: 03 af ef 0a 00 05 09 27 0a 68 
 Here I Am from Robot 3 at (39, 10).


INCOMING PKT: 03 af ef 09 08 02 07 07 40 
 Step Robot 8 from (29, 10) to (28, 10).

OUTGOING PKT: 03 af ef 0a 00 08 09 1c 0a 5e 
 Here I Am from Robot 6 at (28, 10).


INCOMING PKT: 03 af ef 09 06 02 07 07 4e 
 Step Robot 6 from (36, 10) to (35, 10).

OUTGOING PKT: 03 af ef 0a 00 06 09 23 0a 6f 
 Here I Am from Robot 4 at (35, 10).


INCOMING PKT: 03 af ef 09 07 02 07 07 4f 
 Step Robot 7 from (32, 10) to (31, 10).

OUTGOING PKT: 03 af ef 0a 00 07 09 1f 0a 52 
 Here I Am from Robot 5 at (31, 10).


INCOMING PKT: 03 af ef 09 05 02 07 07 4d 
 Step Robot 5 from (39, 10) to (38, 10).

OUTGOING PKT: 03 af ef 0a 00 05 09 26 0a 69 
 Here I Am from Robot 3 at (38, 10).


INCOMING PKT: 03 af ef 09 08 02 07 07 40 
 Step Robot 8 from (28, 10) to (27, 10).

OUTGOING PKT: 03 af ef 0a 00 08 09 1b 0a 59 
 Here I Am from Robot 6 at (27, 10).


INCOMING PKT: 03 af ef 09 06 02 07 07 4e 
 Step Robot 6 from (35, 10) to (34, 10).

OUTGOING PKT: 03 af ef 0a 00 06 09 22 0a 6e 
 Here I Am from Robot 4 at (34, 10).


INCOMING PKT: 03 af ef 09 07 02 07 07 4f 
 Step Robot 7 from (31, 10) to (30, 10).

OUTGOING PKT: 03 af ef 0a 00 07 09 1e 0a 53 
 Here I Am from Robot 5 at (30, 10).


INCOMING PKT: 03 af ef 09 05 02 07 07 4d 
 Step Robot 5 from (38, 10) to (37, 10).

OUTGOING PKT: 03 af ef 0a 00 05 09 25 0a 6a 
 Here I Am from Robot 3 at (37, 10).


INCOMING PKT: 03 af ef 

COMMAND: fe 6 25
09 08 02 07 07 40 
 Step Robot 8 from (27, 10) to (26, 10).

OUTGOING PKT: 03 af ef 0a 00 08 09 1a 0a 58 
 Here I Am from Robot 6 at (26, 10).


INCOMING PKT: 03 af ef 09 06 02 07 07 4e 
 Step Robot 6 from (34, 10) to (33, 10).

OUTGOING PKT: 03 af ef 0a 00 06 09 21 0a 6d 
 Here I Am from Robot 4 at (33, 10).


INCOMING PKT: 03 af ef 09 07 02 07 07 4f 
 Step Robot 7 from (30, 10) to (29, 10).

OUTGOING PKT: 03 af ef 0a 00 07 09 1d 0a 50 
 Here I Am from Robot 5 at (29, 10).


INCOMING PKT: 03 af ef 09 05 02 07 07 4d 
 Step Robot 5 from (37, 10) to (36, 10).

OUTGOING PKT: 03 af ef 0a 00 05 09 24 0a 6b 
 Here I Am from Robot 3 at (36, 10).


INCOMING PKT: 03 af ef 09 08 02 07 07 40 
 Step Robot 8 from (26, 10) to (25, 10).

OUTGOING PKT: 03 af ef 0a 00 08 09 19 0a 5b 
 Here I Am from Robot 6 at (25, 10).


INCOMING PKT: 03 af ef 09 06 02 07 07 4e 
 Step Robot 6 from (33, 10) to (32, 10).

OUTGOING PKT: 03 af ef 0a 00 06 09 20 0a 6c 
 Here I Am from Robot 4 at (32, 10).


INCOMING PKT: 03 af ef 09 07 02 07 07 4f 
 Step Robot 7 from (29, 10) to (28, 10).

OUTGOING PKT: 03 af ef 0a 00 07 09 1c 0a 51 
 Here I Am from Robot 5 at (28, 10).


INCOMING PKT: 03 af ef 09 05 02 07 07 4d 
 Step Robot 5 from (36, 10) to (35, 10).

OUTGOING PKT: 03 af ef 0a 00 05 09 23 0a 6c 
 Here I Am from Robot 3 at (35, 10).


INCOMING PKT: 03 af ef 09 08 02 07 07 40 
 Step Robot 8 from (25, 10) to (24, 10).

OUTGOING PKT: 03 af ef 0a 00 08 09 18 0a 5a 
 Here I Am from Robot 6 at (24, 10).


INCOMING PKT: 03 af ef 09 06 02 07 07 4e 
 Step Robot 6 from (32, 10) to (31, 10).

OUTGOING PKT: 03 af ef 0a 00 06 09 1f 0a 53 
 Here I Am from Robot 4 at (31, 10).


INCOMING PKT: 03 af ef 09 07 02 07 07 4f 
 Step Robot 7 from (28, 10) to (27, 10).

OUTGOING PKT: 03 af ef 0a 00 07 09 1b 0a 56 
 Here I Am from Robot 5 at (27, 10).


INCOMING PKT: 03 af ef 09 05 02 07 07 4d 
 Step Robot 5 from (35, 10) to (34, 10).

OUTGOING PKT: 03 af ef 0a 00 05 09 22 0a 6d 
 Here I Am from Robot 3 at (34, 10).


INCOMING PKT: 03 af ef 09 08 02 07 07 40 
 Step Robot 8 from (24, 10) to (23, 10).

OUTGOING PKT: 03 af ef 0a 00 08 09 17 0a 55 
 Here I Am from Robot 6 at (23, 10).


INCOMING PKT: 03 af ef 09 06 02 07 07 4e 
 Step Robot 6 from (31, 10) to (30, 10).

OUTGOING PKT: 03 af ef 0a 00 06 09 1e 0a 52 
 Here I Am from Robot 4 at (30, 10).


INCOMING PKT: 03 af ef 09 07 02 07 07 4f 
 Step Robot 7 from (27, 10) to (26, 10).

OUTGOING PKT: 03 af ef 0a 00 07 09 1a 0a 57 
 Here I Am from Robot 5 at (26, 10).


INCOMING PKT: 03 af ef 09 05 02 07 07 4d 
 Step Robot 5 from (34, 10) to (33, 10).

OUTGOING PKT: 03 af ef 0a 00 05 09 21 0a 6e 
 Here I Am from Robot 3 at (33, 10).


INCOMING PKT: 03 af ef 09 08 02 07 07 40 
 Step Robot 8 from (23, 10) to (22, 10).

OUTGOING PKT: 03 af ef 0a 00 08 09 16 0a 54 
 Here I Am from Robot 6 at (22, 10).


INCOMING PKT: 03 af ef 09 06 02 07 07 4e 
 Step Robot 6 from (30, 10) to (29, 10).

OUTGOING PKT: 03 af ef 0a 00 06 09 1d 0a 51 
 Here I Am from Robot 4 at (29, 10).


INCOMING PKT: 03 af ef 09 07 02 07 07 4f 
 Step Robot 7 from (26, 10) to (25, 10).

OUTGOING PKT: 03 af ef 0a 00 07 09 19 0a 54 
 Here I Am from Robot 5 at (25, 10).


INCOMING PKT: 03 af ef 09 05 02 07 07 4d 
 Step Robot 5 from (33, 10) to (32, 10).

OUTGOING PKT: 03 af ef 0a 00 05 09 20 0a 6f 
 Here I Am from Robot 3 at (32, 10).


INCOMING PKT: 03 af ef 09 08 02 07 07 40 
 Step Robot 8 from (22, 10) to (21, 10).

OUTGOING PKT: 03 af ef 0a 00 08 09 15 0a 57 
 Here I Am from Robot 6 at (21, 10).


INCOMING PKT: 03 af ef 09 06 02 07 07 4e 
 Step Robot 6 from (29, 10) to (28, 10).

OUTGOING PKT: 03 af ef 0a 00 06 09 1c 0a 50 
 Here I Am from Robot 4